0 info it worked if it ends with ok
1 verbose cli [ 'C:\\Program Files\\nodejs\\node.exe',
1 verbose cli   'C:\\Program Files\\nodejs\\node_modules\\npm\\bin\\npm-cli.js',
1 verbose cli   'run',
1 verbose cli   'ltserver:start' ]
2 info using npm@3.10.10
3 info using node@v6.11.4
4 verbose run-script [ 'preltserver:start', 'ltserver:start', 'postltserver:start' ]
5 info lifecycle MultiApp-BaseProject@0.2.42~preltserver:start: MultiApp-BaseProject@0.2.42
6 silly lifecycle MultiApp-BaseProject@0.2.42~preltserver:start: no script for preltserver:start, continuing
7 info lifecycle MultiApp-BaseProject@0.2.42~ltserver:start: MultiApp-BaseProject@0.2.42
8 verbose lifecycle MultiApp-BaseProject@0.2.42~ltserver:start: unsafe-perm in lifecycle true
9 verbose lifecycle MultiApp-BaseProject@0.2.42~ltserver:start: PATH: C:\Program Files\nodejs\node_modules\npm\bin\node-gyp-bin;D:\Docs\Cours\M2\SmartFreeze - Requea\MultiApp-BaseProject\node_modules\.bin;C:\ProgramData\Oracle\Java\javapath;C:\Program Files (x86)\Intel\iCLS Client\;C:\Program Files\Intel\iCLS Client\;C:\Windows\system32;C:\Windows;C:\Windows\System32\Wbem;C:\Windows\System32\WindowsPowerShell\v1.0\;C:\Program Files\Intel\Intel(R) Management Engine Components\DAL;C:\Program Files\Intel\Intel(R) Management Engine Components\IPT;C:\Program Files (x86)\Intel\Intel(R) Management Engine Components\DAL;C:\Program Files (x86)\Intel\Intel(R) Management Engine Components\IPT;C:\WINDOWS\system32;C:\WINDOWS;C:\WINDOWS\System32\Wbem;C:\WINDOWS\System32\WindowsPowerShell\v1.0\;C:\Program Files (x86)\Skype\Phone\C:\cygwin64\bin\;C:\Program Files (x86)\NVIDIA Corporation\PhysX\Common;C:\WINDOWS\system32;C:\WINDOWS;C:\WINDOWS\System32\Wbem;C:\WINDOWS\System32\WindowsPowerShell\v1.0\;C:\Program Files\Git\cmd;C:\Program Files\Intel\WiFi\bin\;C:\Program Files\Common Files\Intel\WirelessCommon\;C:\Program Files (x86)\Skype\Phone\;C:\Program Files\nodejs\;C:\Users\Luc\AppData\Local\Microsoft\WindowsApps;C:\Program Files\Intel\WiFi\bin\;C:\Program Files\Common Files\Intel\WirelessCommon\;C:\Users\Luc\AppData\Local\Microsoft\WindowsApps;;C:\Program Files\Microsoft VS Code\bin;C:\Users\Luc\AppData\Roaming\npm
10 verbose lifecycle MultiApp-BaseProject@0.2.42~ltserver:start: CWD: D:\Docs\Cours\M2\SmartFreeze - Requea\MultiApp-BaseProject
11 silly lifecycle MultiApp-BaseProject@0.2.42~ltserver:start: Args: [ '/d /s /c', 'lite-server --baseDir ./dist/www --port 3333' ]
12 silly lifecycle MultiApp-BaseProject@0.2.42~ltserver:start: Returned: code: 1  signal: null
13 info lifecycle MultiApp-BaseProject@0.2.42~ltserver:start: Failed to exec ltserver:start script
14 verbose stack Error: MultiApp-BaseProject@0.2.42 ltserver:start: `lite-server --baseDir ./dist/www --port 3333`
14 verbose stack Exit status 1
14 verbose stack     at EventEmitter.<anonymous> (C:\Program Files\nodejs\node_modules\npm\lib\utils\lifecycle.js:255:16)
14 verbose stack     at emitTwo (events.js:106:13)
14 verbose stack     at EventEmitter.emit (events.js:191:7)
14 verbose stack     at ChildProcess.<anonymous> (C:\Program Files\nodejs\node_modules\npm\lib\utils\spawn.js:40:14)
14 verbose stack     at emitTwo (events.js:106:13)
14 verbose stack     at ChildProcess.emit (events.js:191:7)
14 verbose stack     at maybeClose (internal/child_process.js:920:16)
14 verbose stack     at Process.ChildProcess._handle.onexit (internal/child_process.js:230:5)
15 verbose pkgid MultiApp-BaseProject@0.2.42
16 verbose cwd D:\Docs\Cours\M2\SmartFreeze - Requea\MultiApp-BaseProject
17 error Windows_NT 10.0.15063
18 error argv "C:\\Program Files\\nodejs\\node.exe" "C:\\Program Files\\nodejs\\node_modules\\npm\\bin\\npm-cli.js" "run" "ltserver:start"
19 error node v6.11.4
20 error npm  v3.10.10
21 error code ELIFECYCLE
22 error MultiApp-BaseProject@0.2.42 ltserver:start: `lite-server --baseDir ./dist/www --port 3333`
22 error Exit status 1
23 error Failed at the MultiApp-BaseProject@0.2.42 ltserver:start script 'lite-server --baseDir ./dist/www --port 3333'.
23 error Make sure you have the latest version of node.js and npm installed.
23 error If you do, this is most likely a problem with the MultiApp-BaseProject package,
23 error not with npm itself.
23 error Tell the author that this fails on your system:
23 error     lite-server --baseDir ./dist/www --port 3333
23 error You can get information on how to open an issue for this project with:
23 error     npm bugs MultiApp-BaseProject
23 error Or if that isn't available, you can get their info via:
23 error     npm owner ls MultiApp-BaseProject
23 error There is likely additional logging output above.
24 verbose exit [ 1, true ]
